Arguments: 
  C:\Program Files\nodejs\node.exe C:\Program Files (x86)\Yarn\bin\yarn.js install

PATH: 
  C:\Windows\System32;C:\Windows;C:\Windows\System32\wbem;C:\Windows\System32\WindowsPowerShell\v1.0\;C:\Windows\System32\OpenSSH\;C:\Program Files\nodejs\;C:\Program Files (x86)\Yarn\bin\;C:\Program Files\Git\cmd;C:\Program Files (x86)\GnuPG\bin;C:\Users\Dudeonyx\AppData\Local\Microsoft\WindowsApps;C:\Users\Dudeonyx\AppData\Roaming\npm;C:\Users\Dudeonyx\AppData\Local\Yarn\bin;C:\Users\Dudeonyx\AppData\Local\Programs\Microsoft VS Code\bin

Yarn version: 
  1.12.3

Node version: 
  10.13.0

Platform: 
  win32 x64

Trace: 
  Error: getaddrinfo ENOTFOUND registry.yarnpkg.com registry.yarnpkg.com:443
      at GetAddrInfoReqWrap.onlookup [as oncomplete] (dns.js:57:26)

npm manifest: 
  {
    "name": "todomvc",
    "version": "0.0.1",
    "private": true,
    "devDependencies": {
      "react-scripts": "^2.0.2",
      "react-test-renderer": "^16.3.1",
      "@types/jest": "^23.3.11",
      "@types/node": "^10.12.18",
      "@types/react": "^16.7.18",
      "@types/react-dom": "^16.0.11",
      "@types/react-redux": "^6.0.12",
      "tslint": "^5.12.0",
      "tslint-config-prettier": "^1.17.0",
      "tslint-react": "^3.6.0",
      "typescript": "^3.2.2"
    },
    "dependencies": {
      "classnames": "^2.2.5",
      "react": "^16.3.1",
      "react-dom": "^16.3.1",
      "react-redux": "^5.0.7",
      "@redux-ts-starter-kit/core": "^0.1.0",
      "todomvc-app-css": "^2.1.1"
    },
    "scripts": {
      "start": "react-scripts start",
      "build": "react-scripts build",
      "eject": "react-scripts eject",
      "test": "react-scripts test --env=node"
    },
    "browserslist": [
      ">0.2%",
      "not dead",
      "not ie <= 11",
      "not op_mini all"
    ]
  }

yarn manifest: 
  No manifest

Lockfile: 
  No lockfile
